<?xml version="1.0" encoding="UTF-8"?>
<testsuites name="jest tests" tests="59" failures="0" errors="0" time="0.61">
  <testsuite name="undefined" errors="0" failures="0" skipped="0" timestamp="2025-02-08T01:45:44" time="0.011" tests="0">
    <testcase classname="" name="ESLint" time="0.011">
    </testcase>
  </testsuite>
  <testsuite name="undefined" errors="0" failures="0" skipped="0" timestamp="2025-02-08T01:45:44" time="0.001" tests="0">
    <testcase classname="" name="ESLint" time="0.001">
    </testcase>
  </testsuite>
  <testsuite name="undefined" errors="0" failures="0" skipped="0" timestamp="2025-02-08T01:45:44" time="0" tests="0">
    <testcase classname="" name="ESLint" time="0">
    </testcase>
  </testsuite>
  <testsuite name="undefined" errors="0" failures="0" skipped="0" timestamp="2025-02-08T01:45:44" time="0.018" tests="1">
    <testcase classname="" name="ESLint" time="0.018">
    </testcase>
  </testsuite>
  <testsuite name="undefined" errors="0" failures="0" skipped="0" timestamp="2025-02-08T01:45:44" time="0.006" tests="1">
    <testcase classname="" name="ESLint" time="0.006">
    </testcase>
  </testsuite>
  <testsuite name="undefined" errors="0" failures="0" skipped="0" timestamp="2025-02-08T01:45:44" time="0.006" tests="1">
    <testcase classname="" name="ESLint" time="0.006">
    </testcase>
  </testsuite>
  <testsuite name="undefined" errors="0" failures="0" skipped="0" timestamp="2025-02-08T01:45:44" time="0.003" tests="1">
    <testcase classname="" name="ESLint" time="0.003">
    </testcase>
  </testsuite>
  <testsuite name="undefined" errors="0" failures="0" skipped="0" timestamp="2025-02-08T01:45:44" time="0.005" tests="1">
    <testcase classname="" name="ESLint" time="0.005">
    </testcase>
  </testsuite>
  <testsuite name="undefined" errors="0" failures="0" skipped="0" timestamp="2025-02-08T01:45:44" time="0.003" tests="1">
    <testcase classname="" name="ESLint" time="0.003">
    </testcase>
  </testsuite>
  <testsuite name="undefined" errors="0" failures="0" skipped="0" timestamp="2025-02-08T01:45:44" time="0.003" tests="1">
    <testcase classname="" name="ESLint" time="0.003">
    </testcase>
  </testsuite>
  <testsuite name="undefined" errors="0" failures="0" skipped="0" timestamp="2025-02-08T01:45:44" time="0.003" tests="1">
    <testcase classname="" name="ESLint" time="0.003">
    </testcase>
  </testsuite>
  <testsuite name="undefined" errors="0" failures="0" skipped="0" timestamp="2025-02-08T01:45:44" time="0.003" tests="1">
    <testcase classname="" name="ESLint" time="0.003">
    </testcase>
  </testsuite>
  <testsuite name="undefined" errors="0" failures="0" skipped="0" timestamp="2025-02-08T01:45:44" time="0.003" tests="1">
    <testcase classname="" name="ESLint" time="0.003">
    </testcase>
  </testsuite>
  <testsuite name="undefined" errors="0" failures="0" skipped="0" timestamp="2025-02-08T01:45:44" time="0.002" tests="1">
    <testcase classname="" name="ESLint" time="0.002">
    </testcase>
  </testsuite>
  <testsuite name="undefined" errors="0" failures="0" skipped="0" timestamp="2025-02-08T01:45:44" time="0.002" tests="1">
    <testcase classname="" name="ESLint" time="0.002">
    </testcase>
  </testsuite>
  <testsuite name="undefined" errors="0" failures="0" skipped="0" timestamp="2025-02-08T01:45:44" time="0.003" tests="1">
    <testcase classname="" name="ESLint" time="0.003">
    </testcase>
  </testsuite>
  <testsuite name="undefined" errors="0" failures="0" skipped="0" timestamp="2025-02-08T01:45:44" time="0.003" tests="1">
    <testcase classname="" name="ESLint" time="0.003">
    </testcase>
  </testsuite>
  <testsuite name="undefined" errors="0" failures="0" skipped="0" timestamp="2025-02-08T01:45:44" time="0.001" tests="1">
    <testcase classname="" name="ESLint" time="0.001">
    </testcase>
  </testsuite>
  <testsuite name="undefined" errors="0" failures="0" skipped="0" timestamp="2025-02-08T01:45:44" time="0.001" tests="1">
    <testcase classname="" name="ESLint" time="0.001">
    </testcase>
  </testsuite>
  <testsuite name="undefined" errors="0" failures="0" skipped="0" timestamp="2025-02-08T01:45:44" time="0.001" tests="1">
    <testcase classname="" name="ESLint" time="0.001">
    </testcase>
  </testsuite>
  <testsuite name="undefined" errors="0" failures="0" skipped="0" timestamp="2025-02-08T01:45:44" time="0.002" tests="1">
    <testcase classname="" name="ESLint" time="0.002">
    </testcase>
  </testsuite>
  <testsuite name="undefined" errors="0" failures="0" skipped="0" timestamp="2025-02-08T01:45:44" time="0" tests="1">
    <testcase classname="" name="ESLint" time="0">
    </testcase>
  </testsuite>
  <testsuite name="undefined" errors="0" failures="0" skipped="0" timestamp="2025-02-08T01:45:44" time="0" tests="1">
    <testcase classname="" name="ESLint" time="0">
    </testcase>
  </testsuite>
  <testsuite name="undefined" errors="0" failures="0" skipped="0" timestamp="2025-02-08T01:45:44" time="0" tests="1">
    <testcase classname="" name="ESLint" time="0">
    </testcase>
  </testsuite>
  <testsuite name="undefined" errors="0" failures="0" skipped="0" timestamp="2025-02-08T01:45:44" time="0" tests="1">
    <testcase classname="" name="ESLint" time="0">
    </testcase>
  </testsuite>
  <testsuite name="undefined" errors="0" failures="0" skipped="0" timestamp="2025-02-08T01:45:44" time="0" tests="1">
    <testcase classname="" name="ESLint" time="0">
    </testcase>
  </testsuite>
  <testsuite name="undefined" errors="0" failures="0" skipped="0" timestamp="2025-02-08T01:45:44" time="0.001" tests="1">
    <testcase classname="" name="ESLint" time="0.001">
    </testcase>
  </testsuite>
  <testsuite name="undefined" errors="0" failures="0" skipped="0" timestamp="2025-02-08T01:45:44" time="0" tests="1">
    <testcase classname="" name="ESLint" time="0">
    </testcase>
  </testsuite>
  <testsuite name="undefined" errors="0" failures="0" skipped="0" timestamp="2025-02-08T01:45:44" time="0" tests="1">
    <testcase classname="" name="ESLint" time="0">
    </testcase>
  </testsuite>
  <testsuite name="undefined" errors="0" failures="0" skipped="0" timestamp="2025-02-08T01:45:44" time="0.001" tests="1">
    <testcase classname="" name="ESLint" time="0.001">
    </testcase>
  </testsuite>
  <testsuite name="undefined" errors="0" failures="0" skipped="0" timestamp="2025-02-08T01:45:44" time="0.001" tests="1">
    <testcase classname="" name="ESLint" time="0.001">
    </testcase>
  </testsuite>
  <testsuite name="undefined" errors="0" failures="0" skipped="0" timestamp="2025-02-08T01:45:44" time="0.001" tests="1">
    <testcase classname="" name="ESLint" time="0.001">
    </testcase>
  </testsuite>
  <testsuite name="undefined" errors="0" failures="0" skipped="0" timestamp="2025-02-08T01:45:44" time="0.002" tests="1">
    <testcase classname="" name="ESLint" time="0.002">
    </testcase>
  </testsuite>
  <testsuite name="undefined" errors="0" failures="0" skipped="0" timestamp="2025-02-08T01:45:44" time="0.001" tests="1">
    <testcase classname="" name="ESLint" time="0.001">
    </testcase>
  </testsuite>
  <testsuite name="undefined" errors="0" failures="0" skipped="0" timestamp="2025-02-08T01:45:44" time="0.002" tests="1">
    <testcase classname="" name="ESLint" time="0.002">
    </testcase>
  </testsuite>
  <testsuite name="undefined" errors="0" failures="0" skipped="0" timestamp="2025-02-08T01:45:44" time="0.001" tests="1">
    <testcase classname="" name="ESLint" time="0.001">
    </testcase>
  </testsuite>
  <testsuite name="undefined" errors="0" failures="0" skipped="0" timestamp="2025-02-08T01:45:44" time="0" tests="1">
    <testcase classname="" name="ESLint" time="0">
    </testcase>
  </testsuite>
  <testsuite name="undefined" errors="0" failures="0" skipped="0" timestamp="2025-02-08T01:45:44" time="0.001" tests="1">
    <testcase classname="" name="ESLint" time="0.001">
    </testcase>
  </testsuite>
  <testsuite name="undefined" errors="0" failures="0" skipped="0" timestamp="2025-02-08T01:45:44" time="0.001" tests="1">
    <testcase classname="" name="ESLint" time="0.001">
    </testcase>
  </testsuite>
  <testsuite name="undefined" errors="0" failures="0" skipped="0" timestamp="2025-02-08T01:45:44" time="0.001" tests="1">
    <testcase classname="" name="ESLint" time="0.001">
    </testcase>
  </testsuite>
  <testsuite name="undefined" errors="0" failures="0" skipped="0" timestamp="2025-02-08T01:45:44" time="0.001" tests="1">
    <testcase classname="" name="ESLint" time="0.001">
    </testcase>
  </testsuite>
  <testsuite name="undefined" errors="0" failures="0" skipped="0" timestamp="2025-02-08T01:45:44" time="0.001" tests="1">
    <testcase classname="" name="ESLint" time="0.001">
    </testcase>
  </testsuite>
  <testsuite name="undefined" errors="0" failures="0" skipped="0" timestamp="2025-02-08T01:45:44" time="0.002" tests="1">
    <testcase classname="" name="ESLint" time="0.002">
    </testcase>
  </testsuite>
  <testsuite name="undefined" errors="0" failures="0" skipped="0" timestamp="2025-02-08T01:45:44" time="0.001" tests="1">
    <testcase classname="" name="ESLint" time="0.001">
    </testcase>
  </testsuite>
  <testsuite name="undefined" errors="0" failures="0" skipped="0" timestamp="2025-02-08T01:45:44" time="0" tests="1">
    <testcase classname="" name="ESLint" time="0">
    </testcase>
  </testsuite>
  <testsuite name="undefined" errors="0" failures="0" skipped="0" timestamp="2025-02-08T01:45:44" time="0.001" tests="1">
    <testcase classname="" name="ESLint" time="0.001">
    </testcase>
  </testsuite>
  <testsuite name="undefined" errors="0" failures="0" skipped="0" timestamp="2025-02-08T01:45:44" time="0.001" tests="1">
    <testcase classname="" name="ESLint" time="0.001">
    </testcase>
  </testsuite>
  <testsuite name="undefined" errors="0" failures="0" skipped="0" timestamp="2025-02-08T01:45:44" time="0.001" tests="1">
    <testcase classname="" name="ESLint" time="0.001">
    </testcase>
  </testsuite>
  <testsuite name="undefined" errors="0" failures="0" skipped="0" timestamp="2025-02-08T01:45:44" time="0" tests="1">
    <testcase classname="" name="ESLint" time="0">
    </testcase>
  </testsuite>
  <testsuite name="undefined" errors="0" failures="0" skipped="0" timestamp="2025-02-08T01:45:44" time="0" tests="1">
    <testcase classname="" name="ESLint" time="0">
    </testcase>
  </testsuite>
  <testsuite name="undefined" errors="0" failures="0" skipped="0" timestamp="2025-02-08T01:45:44" time="0.001" tests="1">
    <testcase classname="" name="ESLint" time="0.001">
    </testcase>
  </testsuite>
  <testsuite name="undefined" errors="0" failures="0" skipped="0" timestamp="2025-02-08T01:45:44" time="0.001" tests="1">
    <testcase classname="" name="ESLint" time="0.001">
    </testcase>
  </testsuite>
  <testsuite name="undefined" errors="0" failures="0" skipped="0" timestamp="2025-02-08T01:45:44" time="0.001" tests="1">
    <testcase classname="" name="ESLint" time="0.001">
    </testcase>
  </testsuite>
  <testsuite name="undefined" errors="0" failures="0" skipped="0" timestamp="2025-02-08T01:45:44" time="0.001" tests="1">
    <testcase classname="" name="ESLint" time="0.001">
    </testcase>
  </testsuite>
  <testsuite name="undefined" errors="0" failures="0" skipped="0" timestamp="2025-02-08T01:45:44" time="0" tests="1">
    <testcase classname="" name="ESLint" time="0">
    </testcase>
  </testsuite>
  <testsuite name="undefined" errors="0" failures="0" skipped="0" timestamp="2025-02-08T01:45:44" time="0.001" tests="1">
    <testcase classname="" name="ESLint" time="0.001">
    </testcase>
  </testsuite>
  <testsuite name="undefined" errors="0" failures="0" skipped="0" timestamp="2025-02-08T01:45:44" time="0.001" tests="1">
    <testcase classname="" name="ESLint" time="0.001">
    </testcase>
  </testsuite>
  <testsuite name="undefined" errors="0" failures="0" skipped="0" timestamp="2025-02-08T01:45:44" time="0.001" tests="1">
    <testcase classname="" name="ESLint" time="0.001">
    </testcase>
  </testsuite>
  <testsuite name="undefined" errors="0" failures="0" skipped="0" timestamp="2025-02-08T01:45:44" time="0.001" tests="1">
    <testcase classname="" name="ESLint" time="0.001">
    </testcase>
  </testsuite>
  <testsuite name="undefined" errors="0" failures="0" skipped="0" timestamp="2025-02-08T01:45:44" time="0" tests="1">
    <testcase classname="" name="ESLint" time="0">
    </testcase>
  </testsuite>
  <testsuite name="undefined" errors="0" failures="0" skipped="0" timestamp="2025-02-08T01:45:44" time="0" tests="1">
    <testcase classname="" name="ESLint" time="0">
    </testcase>
  </testsuite>
  <testsuite name="undefined" errors="0" failures="0" skipped="0" timestamp="2025-02-08T01:45:44" time="0.001" tests="1">
    <testcase classname="" name="ESLint" time="0.001">
    </testcase>
  </testsuite>
</testsuites>