<?xml version="1.0" encoding="UTF-8"?>
<testsuites name="jest tests" tests="12" failures="0" time="6.456">
  <testsuite name="undefined" errors="0" failures="0" skipped="0" timestamp="2025-01-15T10:18:46" time="1.135" tests="1">
    <testcase classname=" ESLint" name=" ESLint" time="1.135">
    </testcase>
  </testsuite>
  <testsuite name="undefined" errors="0" failures="0" skipped="0" timestamp="2025-01-15T10:18:48" time="0.814" tests="1">
    <testcase classname=" ESLint" name=" ESLint" time="0.814">
    </testcase>
  </testsuite>
  <testsuite name="undefined" errors="0" failures="0" skipped="0" timestamp="2025-01-15T10:18:48" time="0.783" tests="1">
    <testcase classname=" ESLint" name=" ESLint" time="0.783">
    </testcase>
  </testsuite>
  <testsuite name="undefined" errors="0" failures="0" skipped="0" timestamp="2025-01-15T10:18:49" time="0.766" tests="1">
    <testcase classname=" ESLint" name=" ESLint" time="0.766">
    </testcase>
  </testsuite>
  <testsuite name="undefined" errors="0" failures="0" skipped="0" timestamp="2025-01-15T10:18:50" time="0.032" tests="1">
    <testcase classname=" ESLint" name=" ESLint" time="0.032">
    </testcase>
  </testsuite>
  <testsuite name="undefined" errors="0" failures="0" skipped="0" timestamp="2025-01-15T10:18:50" time="0.025" tests="1">
    <testcase classname=" ESLint" name=" ESLint" time="0.025">
    </testcase>
  </testsuite>
  <testsuite name="undefined" errors="0" failures="0" skipped="0" timestamp="2025-01-15T10:18:50" time="0.024" tests="1">
    <testcase classname=" ESLint" name=" ESLint" time="0.024">
    </testcase>
  </testsuite>
  <testsuite name="undefined" errors="0" failures="0" skipped="0" timestamp="2025-01-15T10:18:50" time="0.022" tests="1">
    <testcase classname=" ESLint" name=" ESLint" time="0.022">
    </testcase>
  </testsuite>
  <testsuite name="undefined" errors="0" failures="0" skipped="0" timestamp="2025-01-15T10:18:50" time="0.013" tests="1">
    <testcase classname=" ESLint" name=" ESLint" time="0.013">
    </testcase>
  </testsuite>
  <testsuite name="undefined" errors="0" failures="0" skipped="0" timestamp="2025-01-15T10:18:50" time="0.01" tests="1">
    <testcase classname=" ESLint" name=" ESLint" time="0.01">
    </testcase>
  </testsuite>
  <testsuite name="undefined" errors="0" failures="0" skipped="0" timestamp="2025-01-15T10:18:50" time="0.01" tests="1">
    <testcase classname=" ESLint" name=" ESLint" time="0.01">
    </testcase>
  </testsuite>
  <testsuite name="undefined" errors="0" failures="0" skipped="0" timestamp="2025-01-15T10:18:50" time="0.009" tests="1">
    <testcase classname=" ESLint" name=" ESLint" time="0.009">
    </testcase>
  </testsuite>
</testsuites>