<?xml version="1.0" encoding="UTF-8"?>
<testsuites name="jest tests" tests="72" failures="0" errors="0" time="7.528">
  <testsuite name="undefined" errors="0" failures="0" skipped="0" timestamp="2024-12-10T14:52:11" time="5.479" tests="1">
    <testcase classname=" ESLint" name=" ESLint" time="5.479">
    </testcase>
  </testsuite>
  <testsuite name="undefined" errors="0" failures="0" skipped="0" timestamp="2024-12-10T14:52:17" time="0.039" tests="1">
    <testcase classname=" ESLint" name=" ESLint" time="0.039">
    </testcase>
  </testsuite>
  <testsuite name="undefined" errors="0" failures="0" skipped="0" timestamp="2024-12-10T14:52:17" time="0.064" tests="1">
    <testcase classname=" ESLint" name=" ESLint" time="0.064">
    </testcase>
  </testsuite>
  <testsuite name="undefined" errors="0" failures="0" skipped="0" timestamp="2024-12-10T14:52:17" time="0.029" tests="1">
    <testcase classname=" ESLint" name=" ESLint" time="0.029">
    </testcase>
  </testsuite>
  <testsuite name="undefined" errors="0" failures="0" skipped="0" timestamp="2024-12-10T14:52:17" time="0.022" tests="1">
    <testcase classname=" ESLint" name=" ESLint" time="0.022">
    </testcase>
  </testsuite>
  <testsuite name="undefined" errors="0" failures="0" skipped="0" timestamp="2024-12-10T14:52:17" time="0.018" tests="1">
    <testcase classname=" ESLint" name=" ESLint" time="0.018">
    </testcase>
  </testsuite>
  <testsuite name="undefined" errors="0" failures="0" skipped="0" timestamp="2024-12-10T14:52:17" time="0.025" tests="1">
    <testcase classname=" ESLint" name=" ESLint" time="0.025">
    </testcase>
  </testsuite>
  <testsuite name="undefined" errors="0" failures="0" skipped="0" timestamp="2024-12-10T14:52:17" time="0.01" tests="1">
    <testcase classname=" ESLint" name=" ESLint" time="0.01">
    </testcase>
  </testsuite>
  <testsuite name="undefined" errors="0" failures="0" skipped="0" timestamp="2024-12-10T14:52:17" time="0.016" tests="1">
    <testcase classname=" ESLint" name=" ESLint" time="0.016">
    </testcase>
  </testsuite>
  <testsuite name="undefined" errors="0" failures="0" skipped="0" timestamp="2024-12-10T14:52:17" time="0.012" tests="1">
    <testcase classname=" ESLint" name=" ESLint" time="0.012">
    </testcase>
  </testsuite>
  <testsuite name="undefined" errors="0" failures="0" skipped="0" timestamp="2024-12-10T14:52:17" time="0.009" tests="1">
    <testcase classname=" ESLint" name=" ESLint" time="0.009">
    </testcase>
  </testsuite>
  <testsuite name="undefined" errors="0" failures="0" skipped="0" timestamp="2024-12-10T14:52:17" time="0.011" tests="1">
    <testcase classname=" ESLint" name=" ESLint" time="0.011">
    </testcase>
  </testsuite>
  <testsuite name="undefined" errors="0" failures="0" skipped="0" timestamp="2024-12-10T14:52:17" time="0.011" tests="1">
    <testcase classname=" ESLint" name=" ESLint" time="0.011">
    </testcase>
  </testsuite>
  <testsuite name="undefined" errors="0" failures="0" skipped="0" timestamp="2024-12-10T14:52:17" time="0.014" tests="1">
    <testcase classname=" ESLint" name=" ESLint" time="0.014">
    </testcase>
  </testsuite>
  <testsuite name="undefined" errors="0" failures="0" skipped="0" timestamp="2024-12-10T14:52:17" time="0.008" tests="1">
    <testcase classname=" ESLint" name=" ESLint" time="0.008">
    </testcase>
  </testsuite>
  <testsuite name="undefined" errors="0" failures="0" skipped="0" timestamp="2024-12-10T14:52:17" time="0.012" tests="1">
    <testcase classname=" ESLint" name=" ESLint" time="0.012">
    </testcase>
  </testsuite>
  <testsuite name="undefined" errors="0" failures="0" skipped="0" timestamp="2024-12-10T14:52:17" time="0.009" tests="1">
    <testcase classname=" ESLint" name=" ESLint" time="0.009">
    </testcase>
  </testsuite>
  <testsuite name="undefined" errors="0" failures="0" skipped="0" timestamp="2024-12-10T14:52:17" time="0.006" tests="1">
    <testcase classname=" ESLint" name=" ESLint" time="0.006">
    </testcase>
  </testsuite>
  <testsuite name="undefined" errors="0" failures="0" skipped="0" timestamp="2024-12-10T14:52:17" time="0.006" tests="1">
    <testcase classname=" ESLint" name=" ESLint" time="0.006">
    </testcase>
  </testsuite>
  <testsuite name="undefined" errors="0" failures="0" skipped="0" timestamp="2024-12-10T14:52:17" time="0.006" tests="1">
    <testcase classname=" ESLint" name=" ESLint" time="0.006">
    </testcase>
  </testsuite>
  <testsuite name="undefined" errors="0" failures="0" skipped="0" timestamp="2024-12-10T14:52:17" time="0.005" tests="1">
    <testcase classname=" ESLint" name=" ESLint" time="0.005">
    </testcase>
  </testsuite>
  <testsuite name="undefined" errors="0" failures="0" skipped="0" timestamp="2024-12-10T14:52:17" time="0.009" tests="1">
    <testcase classname=" ESLint" name=" ESLint" time="0.009">
    </testcase>
  </testsuite>
  <testsuite name="undefined" errors="0" failures="0" skipped="0" timestamp="2024-12-10T14:52:17" time="0.007" tests="1">
    <testcase classname=" ESLint" name=" ESLint" time="0.007">
    </testcase>
  </testsuite>
  <testsuite name="undefined" errors="0" failures="0" skipped="0" timestamp="2024-12-10T14:52:17" time="0.006" tests="1">
    <testcase classname=" ESLint" name=" ESLint" time="0.006">
    </testcase>
  </testsuite>
  <testsuite name="undefined" errors="0" failures="0" skipped="0" timestamp="2024-12-10T14:52:17" time="0.006" tests="1">
    <testcase classname=" ESLint" name=" ESLint" time="0.006">
    </testcase>
  </testsuite>
  <testsuite name="undefined" errors="0" failures="0" skipped="0" timestamp="2024-12-10T14:52:17" time="0.005" tests="1">
    <testcase classname=" ESLint" name=" ESLint" time="0.005">
    </testcase>
  </testsuite>
  <testsuite name="undefined" errors="0" failures="0" skipped="0" timestamp="2024-12-10T14:52:17" time="0.007" tests="1">
    <testcase classname=" ESLint" name=" ESLint" time="0.007">
    </testcase>
  </testsuite>
  <testsuite name="undefined" errors="0" failures="0" skipped="0" timestamp="2024-12-10T14:52:17" time="0.004" tests="1">
    <testcase classname=" ESLint" name=" ESLint" time="0.004">
    </testcase>
  </testsuite>
  <testsuite name="undefined" errors="0" failures="0" skipped="0" timestamp="2024-12-10T14:52:17" time="0.006" tests="1">
    <testcase classname=" ESLint" name=" ESLint" time="0.006">
    </testcase>
  </testsuite>
  <testsuite name="undefined" errors="0" failures="0" skipped="0" timestamp="2024-12-10T14:52:17" time="0.005" tests="1">
    <testcase classname=" ESLint" name=" ESLint" time="0.005">
    </testcase>
  </testsuite>
  <testsuite name="undefined" errors="0" failures="0" skipped="0" timestamp="2024-12-10T14:52:17" time="0.004" tests="1">
    <testcase classname=" ESLint" name=" ESLint" time="0.004">
    </testcase>
  </testsuite>
  <testsuite name="undefined" errors="0" failures="0" skipped="0" timestamp="2024-12-10T14:52:17" time="0.008" tests="1">
    <testcase classname=" ESLint" name=" ESLint" time="0.008">
    </testcase>
  </testsuite>
  <testsuite name="undefined" errors="0" failures="0" skipped="0" timestamp="2024-12-10T14:52:17" time="0.005" tests="1">
    <testcase classname=" ESLint" name=" ESLint" time="0.005">
    </testcase>
  </testsuite>
  <testsuite name="undefined" errors="0" failures="0" skipped="0" timestamp="2024-12-10T14:52:17" time="0.004" tests="1">
    <testcase classname=" ESLint" name=" ESLint" time="0.004">
    </testcase>
  </testsuite>
  <testsuite name="undefined" errors="0" failures="0" skipped="0" timestamp="2024-12-10T14:52:17" time="0.005" tests="1">
    <testcase classname=" ESLint" name=" ESLint" time="0.005">
    </testcase>
  </testsuite>
  <testsuite name="undefined" errors="0" failures="0" skipped="0" timestamp="2024-12-10T14:52:17" time="0.005" tests="1">
    <testcase classname=" ESLint" name=" ESLint" time="0.005">
    </testcase>
  </testsuite>
  <testsuite name="undefined" errors="0" failures="0" skipped="0" timestamp="2024-12-10T14:52:17" time="0.005" tests="1">
    <testcase classname=" ESLint" name=" ESLint" time="0.005">
    </testcase>
  </testsuite>
  <testsuite name="undefined" errors="0" failures="0" skipped="0" timestamp="2024-12-10T14:52:17" time="0.009" tests="1">
    <testcase classname=" ESLint" name=" ESLint" time="0.009">
    </testcase>
  </testsuite>
  <testsuite name="undefined" errors="0" failures="0" skipped="0" timestamp="2024-12-10T14:52:17" time="0.005" tests="1">
    <testcase classname=" ESLint" name=" ESLint" time="0.005">
    </testcase>
  </testsuite>
  <testsuite name="undefined" errors="0" failures="0" skipped="0" timestamp="2024-12-10T14:52:17" time="0.006" tests="1">
    <testcase classname=" ESLint" name=" ESLint" time="0.006">
    </testcase>
  </testsuite>
  <testsuite name="undefined" errors="0" failures="0" skipped="0" timestamp="2024-12-10T14:52:17" time="0.006" tests="1">
    <testcase classname=" ESLint" name=" ESLint" time="0.006">
    </testcase>
  </testsuite>
  <testsuite name="undefined" errors="0" failures="0" skipped="0" timestamp="2024-12-10T14:52:17" time="0.004" tests="1">
    <testcase classname=" ESLint" name=" ESLint" time="0.004">
    </testcase>
  </testsuite>
  <testsuite name="undefined" errors="0" failures="0" skipped="0" timestamp="2024-12-10T14:52:17" time="0.015" tests="1">
    <testcase classname=" ESLint" name=" ESLint" time="0.015">
    </testcase>
  </testsuite>
  <testsuite name="undefined" errors="0" failures="0" skipped="0" timestamp="2024-12-10T14:52:17" time="0.008" tests="1">
    <testcase classname=" ESLint" name=" ESLint" time="0.008">
    </testcase>
  </testsuite>
  <testsuite name="undefined" errors="0" failures="0" skipped="0" timestamp="2024-12-10T14:52:17" time="0.004" tests="1">
    <testcase classname=" ESLint" name=" ESLint" time="0.004">
    </testcase>
  </testsuite>
  <testsuite name="undefined" errors="0" failures="0" skipped="0" timestamp="2024-12-10T14:52:17" time="0.004" tests="1">
    <testcase classname=" ESLint" name=" ESLint" time="0.004">
    </testcase>
  </testsuite>
  <testsuite name="undefined" errors="0" failures="0" skipped="0" timestamp="2024-12-10T14:52:17" time="0.005" tests="1">
    <testcase classname=" ESLint" name=" ESLint" time="0.005">
    </testcase>
  </testsuite>
  <testsuite name="undefined" errors="0" failures="0" skipped="0" timestamp="2024-12-10T14:52:17" time="0.01" tests="1">
    <testcase classname=" ESLint" name=" ESLint" time="0.01">
    </testcase>
  </testsuite>
  <testsuite name="undefined" errors="0" failures="0" skipped="0" timestamp="2024-12-10T14:52:17" time="0.005" tests="1">
    <testcase classname=" ESLint" name=" ESLint" time="0.005">
    </testcase>
  </testsuite>
  <testsuite name="undefined" errors="0" failures="0" skipped="0" timestamp="2024-12-10T14:52:17" time="0.003" tests="1">
    <testcase classname=" ESLint" name=" ESLint" time="0.003">
    </testcase>
  </testsuite>
  <testsuite name="undefined" errors="0" failures="0" skipped="0" timestamp="2024-12-10T14:52:17" time="0.003" tests="1">
    <testcase classname=" ESLint" name=" ESLint" time="0.003">
    </testcase>
  </testsuite>
  <testsuite name="undefined" errors="0" failures="0" skipped="0" timestamp="2024-12-10T14:52:17" time="0.003" tests="1">
    <testcase classname=" ESLint" name=" ESLint" time="0.003">
    </testcase>
  </testsuite>
  <testsuite name="undefined" errors="0" failures="0" skipped="0" timestamp="2024-12-10T14:52:17" time="0.003" tests="1">
    <testcase classname=" ESLint" name=" ESLint" time="0.003">
    </testcase>
  </testsuite>
  <testsuite name="undefined" errors="0" failures="0" skipped="0" timestamp="2024-12-10T14:52:17" time="0.011" tests="1">
    <testcase classname=" ESLint" name=" ESLint" time="0.011">
    </testcase>
  </testsuite>
  <testsuite name="undefined" errors="0" failures="0" skipped="0" timestamp="2024-12-10T14:52:17" time="0.005" tests="1">
    <testcase classname=" ESLint" name=" ESLint" time="0.005">
    </testcase>
  </testsuite>
  <testsuite name="undefined" errors="0" failures="0" skipped="0" timestamp="2024-12-10T14:52:17" time="0.003" tests="1">
    <testcase classname=" ESLint" name=" ESLint" time="0.003">
    </testcase>
  </testsuite>
  <testsuite name="undefined" errors="0" failures="0" skipped="0" timestamp="2024-12-10T14:52:17" time="0.003" tests="1">
    <testcase classname=" ESLint" name=" ESLint" time="0.003">
    </testcase>
  </testsuite>
  <testsuite name="undefined" errors="0" failures="0" skipped="0" timestamp="2024-12-10T14:52:17" time="0.003" tests="1">
    <testcase classname=" ESLint" name=" ESLint" time="0.003">
    </testcase>
  </testsuite>
  <testsuite name="undefined" errors="0" failures="0" skipped="0" timestamp="2024-12-10T14:52:17" time="0.003" tests="1">
    <testcase classname=" ESLint" name=" ESLint" time="0.003">
    </testcase>
  </testsuite>
  <testsuite name="undefined" errors="0" failures="0" skipped="0" timestamp="2024-12-10T14:52:17" time="0.007" tests="1">
    <testcase classname=" ESLint" name=" ESLint" time="0.007">
    </testcase>
  </testsuite>
  <testsuite name="undefined" errors="0" failures="0" skipped="0" timestamp="2024-12-10T14:52:17" time="0.004" tests="1">
    <testcase classname=" ESLint" name=" ESLint" time="0.004">
    </testcase>
  </testsuite>
  <testsuite name="undefined" errors="0" failures="0" skipped="0" timestamp="2024-12-10T14:52:17" time="0.003" tests="1">
    <testcase classname=" ESLint" name=" ESLint" time="0.003">
    </testcase>
  </testsuite>
  <testsuite name="undefined" errors="0" failures="0" skipped="0" timestamp="2024-12-10T14:52:17" time="0.003" tests="1">
    <testcase classname=" ESLint" name=" ESLint" time="0.003">
    </testcase>
  </testsuite>
  <testsuite name="undefined" errors="0" failures="0" skipped="0" timestamp="2024-12-10T14:52:17" time="0.003" tests="1">
    <testcase classname=" ESLint" name=" ESLint" time="0.003">
    </testcase>
  </testsuite>
  <testsuite name="undefined" errors="0" failures="0" skipped="0" timestamp="2024-12-10T14:52:17" time="0.003" tests="1">
    <testcase classname=" ESLint" name=" ESLint" time="0.003">
    </testcase>
  </testsuite>
  <testsuite name="undefined" errors="0" failures="0" skipped="0" timestamp="2024-12-10T14:52:17" time="0.006" tests="1">
    <testcase classname=" ESLint" name=" ESLint" time="0.006">
    </testcase>
  </testsuite>
  <testsuite name="undefined" errors="0" failures="0" skipped="0" timestamp="2024-12-10T14:52:17" time="0.002" tests="1">
    <testcase classname=" ESLint" name=" ESLint" time="0.002">
    </testcase>
  </testsuite>
  <testsuite name="undefined" errors="0" failures="0" skipped="0" timestamp="2024-12-10T14:52:17" time="0.002" tests="1">
    <testcase classname=" ESLint" name=" ESLint" time="0.002">
    </testcase>
  </testsuite>
  <testsuite name="undefined" errors="0" failures="0" skipped="0" timestamp="2024-12-10T14:52:17" time="0.003" tests="1">
    <testcase classname=" ESLint" name=" ESLint" time="0.003">
    </testcase>
  </testsuite>
  <testsuite name="undefined" errors="0" failures="0" skipped="0" timestamp="2024-12-10T14:52:17" time="0.002" tests="1">
    <testcase classname=" ESLint" name=" ESLint" time="0.002">
    </testcase>
  </testsuite>
  <testsuite name="undefined" errors="0" failures="0" skipped="0" timestamp="2024-12-10T14:52:17" time="0.003" tests="1">
    <testcase classname=" ESLint" name=" ESLint" time="0.003">
    </testcase>
  </testsuite>
  <testsuite name="undefined" errors="0" failures="0" skipped="0" timestamp="2024-12-10T14:52:17" time="0.006" tests="1">
    <testcase classname=" ESLint" name=" ESLint" time="0.006">
    </testcase>
  </testsuite>
</testsuites>