<?xml version="1.0" encoding="UTF-8"?>
<testsuites name="jest tests" tests="131" failures="0" errors="0" time="0.558">
  <testsuite name="backend/src/routes.ts" errors="0" failures="0" skipped="0" timestamp="2025-02-19T17:36:22" time="0.06" tests="0">
    <testcase classname="" name="ESLint" time="0.06">
    </testcase>
  </testsuite>
  <testsuite name="backend/src/swagger.ts" errors="0" failures="0" skipped="0" timestamp="2025-02-19T17:36:22" time="0" tests="0">
    <testcase classname="" name="ESLint" time="0">
    </testcase>
  </testsuite>
  <testsuite name="backend/src/server.ts" errors="0" failures="0" skipped="0" timestamp="2025-02-19T17:36:22" time="0" tests="0">
    <testcase classname="" name="ESLint" time="0">
    </testcase>
  </testsuite>
  <testsuite name="backend/src/index.ts" errors="0" failures="0" skipped="0" timestamp="2025-02-19T17:36:22" time="0" tests="0">
    <testcase classname="" name="ESLint" time="0">
    </testcase>
  </testsuite>
  <testsuite name="backend/src/types/swagger-jsdoc.d.ts" errors="0" failures="0" skipped="0" timestamp="2025-02-19T17:36:22" time="0" tests="0">
    <testcase classname="" name="ESLint" time="0">
    </testcase>
  </testsuite>
  <testsuite name="src/@types/mongodb-memory-server.d.ts" errors="0" failures="0" skipped="0" timestamp="2025-02-19T17:36:22" time="0" tests="0">
    <testcase classname="" name="ESLint" time="0">
    </testcase>
  </testsuite>
  <testsuite name="src/backend/src/routes/apiRoutes.js" errors="0" failures="0" skipped="0" timestamp="2025-02-19T17:36:22" time="0.014" tests="1">
    <testcase classname="" name="ESLint" time="0.014">
    </testcase>
  </testsuite>
  <testsuite name="backend/src/src/ai/decisionTree.js" errors="0" failures="0" skipped="0" timestamp="2025-02-19T17:36:22" time="0.012" tests="1">
    <testcase classname="" name="ESLint" time="0.012">
    </testcase>
  </testsuite>
  <testsuite name="eggs-generator/src/services/egg.service.js" errors="0" failures="0" skipped="0" timestamp="2025-02-19T17:36:22" time="0.008" tests="1">
    <testcase classname="" name="ESLint" time="0.008">
    </testcase>
  </testsuite>
  <testsuite name="eggs-generator/src/routes/egg.routes.js" errors="0" failures="0" skipped="0" timestamp="2025-02-19T17:36:22" time="0.01" tests="1">
    <testcase classname="" name="ESLint" time="0.01">
    </testcase>
  </testsuite>
  <testsuite name="src/backend/routes.js" errors="0" failures="0" skipped="0" timestamp="2025-02-19T17:36:22" time="0.006" tests="1">
    <testcase classname="" name="ESLint" time="0.006">
    </testcase>
  </testsuite>
  <testsuite name="dependency-management/src/dependencyManager.js" errors="0" failures="0" skipped="0" timestamp="2025-02-19T17:36:22" time="0.006" tests="1">
    <testcase classname="" name="ESLint" time="0.006">
    </testcase>
  </testsuite>
  <testsuite name="src/backend/src/controllers/apiController.js" errors="0" failures="0" skipped="0" timestamp="2025-02-19T17:36:22" time="0.005" tests="1">
    <testcase classname="" name="ESLint" time="0.005">
    </testcase>
  </testsuite>
  <testsuite name="eggs-generator/src/types/egg.types.js" errors="0" failures="0" skipped="0" timestamp="2025-02-19T17:36:22" time="0.005" tests="1">
    <testcase classname="" name="ESLint" time="0.005">
    </testcase>
  </testsuite>
  <testsuite name="eggs-generator/routes/egg.routes.js" errors="0" failures="0" skipped="0" timestamp="2025-02-19T17:36:22" time="0.006" tests="1">
    <testcase classname="" name="ESLint" time="0.006">
    </testcase>
  </testsuite>
  <testsuite name="src/backend/src/models/userModel.js" errors="0" failures="0" skipped="0" timestamp="2025-02-19T17:36:22" time="0.002" tests="1">
    <testcase classname="" name="ESLint" time="0.002">
    </testcase>
  </testsuite>
  <testsuite name="scripts/test-fixer.js" errors="0" failures="0" skipped="0" timestamp="2025-02-19T17:36:22" time="0.007" tests="1">
    <testcase classname="" name="ESLint" time="0.007">
    </testcase>
  </testsuite>
  <testsuite name="code-quality-assurance/src/index.js" errors="0" failures="0" skipped="0" timestamp="2025-02-19T17:36:22" time="0.004" tests="1">
    <testcase classname="" name="ESLint" time="0.004">
    </testcase>
  </testsuite>
  <testsuite name="src/node-shims/crypto.js" errors="0" failures="0" skipped="0" timestamp="2025-02-19T17:36:22" time="0.003" tests="1">
    <testcase classname="" name="ESLint" time="0.003">
    </testcase>
  </testsuite>
  <testsuite name="src/backend/tests/CustomSequencer.js" errors="0" failures="0" skipped="0" timestamp="2025-02-19T17:36:22" time="0.002" tests="1">
    <testcase classname="" name="ESLint" time="0.002">
    </testcase>
  </testsuite>
  <testsuite name="dependency-management/test.js" errors="0" failures="0" skipped="0" timestamp="2025-02-19T17:36:22" time="0.003" tests="1">
    <testcase classname="" name="ESLint" time="0.003">
    </testcase>
  </testsuite>
  <testsuite name="backend/src/src/controllers/apiController.js" errors="0" failures="0" skipped="0" timestamp="2025-02-19T17:36:22" time="0.004" tests="1">
    <testcase classname="" name="ESLint" time="0.004">
    </testcase>
  </testsuite>
  <testsuite name="src/backend/src/controllers/rulesController.js" errors="0" failures="0" skipped="0" timestamp="2025-02-19T17:36:22" time="0.003" tests="1">
    <testcase classname="" name="ESLint" time="0.003">
    </testcase>
  </testsuite>
  <testsuite name="src/backend/src/ai/decisionTree.js" errors="0" failures="0" skipped="0" timestamp="2025-02-19T17:36:22" time="0.004" tests="1">
    <testcase classname="" name="ESLint" time="0.004">
    </testcase>
  </testsuite>
  <testsuite name="src/backend/tests/decisionTree.test.js" errors="0" failures="0" skipped="0" timestamp="2025-02-19T17:36:22" time="0.003" tests="1">
    <testcase classname="" name="ESLint" time="0.003">
    </testcase>
  </testsuite>
  <testsuite name="dependency-management/src/index.js" errors="0" failures="0" skipped="0" timestamp="2025-02-19T17:36:22" time="0.004" tests="1">
    <testcase classname="" name="ESLint" time="0.004">
    </testcase>
  </testsuite>
  <testsuite name="dependency-management/jest.setup.js" errors="0" failures="0" skipped="0" timestamp="2025-02-19T17:36:22" time="0.002" tests="1">
    <testcase classname="" name="ESLint" time="0.002">
    </testcase>
  </testsuite>
  <testsuite name="backend/src/src/routes/apiRoutes.js" errors="0" failures="0" skipped="0" timestamp="2025-02-19T17:36:22" time="0.003" tests="1">
    <testcase classname="" name="ESLint" time="0.003">
    </testcase>
  </testsuite>
  <testsuite name="backend/src/src/ai/nlpProcessor.js" errors="0" failures="0" skipped="0" timestamp="2025-02-19T17:36:22" time="0.002" tests="1">
    <testcase classname="" name="ESLint" time="0.002">
    </testcase>
  </testsuite>
  <testsuite name="frontend/src/index.js" errors="0" failures="0" skipped="0" timestamp="2025-02-19T17:36:22" time="0.002" tests="1">
    <testcase classname="" name="ESLint" time="0.002">
    </testcase>
  </testsuite>
  <testsuite name="frontend/public/app.js" errors="0" failures="0" skipped="0" timestamp="2025-02-19T17:36:22" time="0.003" tests="1">
    <testcase classname="" name="ESLint" time="0.003">
    </testcase>
  </testsuite>
  <testsuite name="src/backend/src/services/aiService.js" errors="0" failures="0" skipped="0" timestamp="2025-02-19T17:36:22" time="0.002" tests="1">
    <testcase classname="" name="ESLint" time="0.002">
    </testcase>
  </testsuite>
  <testsuite name="backend/src/src/routes/dataRoutes.js" errors="0" failures="0" skipped="0" timestamp="2025-02-19T17:36:22" time="0.002" tests="1">
    <testcase classname="" name="ESLint" time="0.002">
    </testcase>
  </testsuite>
  <testsuite name="backend/src/src/models/ruleModel.js" errors="0" failures="0" skipped="0" timestamp="2025-02-19T17:36:22" time="0.002" tests="1">
    <testcase classname="" name="ESLint" time="0.002">
    </testcase>
  </testsuite>
  <testsuite name="backend/src/tests/CustomSequencer.js" errors="0" failures="0" skipped="0" timestamp="2025-02-19T17:36:22" time="0.002" tests="1">
    <testcase classname="" name="ESLint" time="0.002">
    </testcase>
  </testsuite>
  <testsuite name="eggs-generator/src/events/eggEvents.js" errors="0" failures="0" skipped="0" timestamp="2025-02-19T17:36:22" time="0.003" tests="1">
    <testcase classname="" name="ESLint" time="0.003">
    </testcase>
  </testsuite>
  <testsuite name="eggs-generator/src/Bleu.js" errors="0" failures="0" skipped="0" timestamp="2025-02-19T17:36:22" time="0.007" tests="1">
    <testcase classname="" name="ESLint" time="0.007">
    </testcase>
  </testsuite>
  <testsuite name="src/backend/src/services/ruleService.js" errors="0" failures="0" skipped="0" timestamp="2025-02-19T17:36:22" time="0.001" tests="1">
    <testcase classname="" name="ESLint" time="0.001">
    </testcase>
  </testsuite>
  <testsuite name="src/backend/src/services/rulesEngine.js" errors="0" failures="0" skipped="0" timestamp="2025-02-19T17:36:22" time="0.001" tests="1">
    <testcase classname="" name="ESLint" time="0.001">
    </testcase>
  </testsuite>
  <testsuite name="src/backend/src/ai/nlpProcessor.js" errors="0" failures="0" skipped="0" timestamp="2025-02-19T17:36:22" time="0.001" tests="1">
    <testcase classname="" name="ESLint" time="0.001">
    </testcase>
  </testsuite>
  <testsuite name="src/backend/src/ml/modelManager.js" errors="0" failures="0" skipped="0" timestamp="2025-02-19T17:36:22" time="0.001" tests="1">
    <testcase classname="" name="ESLint" time="0.001">
    </testcase>
  </testsuite>
  <testsuite name="src/backend/src/utils/testSequencer.js" errors="0" failures="0" skipped="0" timestamp="2025-02-19T17:36:22" time="0.002" tests="1">
    <testcase classname="" name="ESLint" time="0.002">
    </testcase>
  </testsuite>
  <testsuite name="src/backend/tests/globalSetup.js" errors="0" failures="0" skipped="0" timestamp="2025-02-19T17:36:22" time="0" tests="1">
    <testcase classname="" name="ESLint" time="0">
    </testcase>
  </testsuite>
  <testsuite name="src/backend/tests/apiGenerateEgg.test.js" errors="0" failures="0" skipped="0" timestamp="2025-02-19T17:36:22" time="0.001" tests="1">
    <testcase classname="" name="ESLint" time="0.001">
    </testcase>
  </testsuite>
  <testsuite name="src/backend/tests/aiService.test.js" errors="0" failures="0" skipped="0" timestamp="2025-02-19T17:36:22" time="0.001" tests="1">
    <testcase classname="" name="ESLint" time="0.001">
    </testcase>
  </testsuite>
  <testsuite name="src/backend/tests/testUtils.js" errors="0" failures="0" skipped="0" timestamp="2025-02-19T17:36:22" time="0.003" tests="1">
    <testcase classname="" name="ESLint" time="0.003">
    </testcase>
  </testsuite>
  <testsuite name="src/backend/tests/apiController.test.js" errors="0" failures="0" skipped="0" timestamp="2025-02-19T17:36:22" time="0.004" tests="1">
    <testcase classname="" name="ESLint" time="0.004">
    </testcase>
  </testsuite>
  <testsuite name="src/backend/tests/globalTeardown.js" errors="0" failures="0" skipped="0" timestamp="2025-02-19T17:36:22" time="0.001" tests="1">
    <testcase classname="" name="ESLint" time="0.001">
    </testcase>
  </testsuite>
  <testsuite name="dependency-management/__mocks__/fs.js" errors="0" failures="0" skipped="0" timestamp="2025-02-19T17:36:22" time="0.001" tests="1">
    <testcase classname="" name="ESLint" time="0.001">
    </testcase>
  </testsuite>
  <testsuite name="scripts/test-diagnostics.js" errors="0" failures="0" skipped="0" timestamp="2025-02-19T17:36:22" time="0.002" tests="1">
    <testcase classname="" name="ESLint" time="0.002">
    </testcase>
  </testsuite>
  <testsuite name="manualConnectionTest.js" errors="0" failures="0" skipped="0" timestamp="2025-02-19T17:36:22" time="0.002" tests="1">
    <testcase classname="" name="ESLint" time="0.002">
    </testcase>
  </testsuite>
  <testsuite name="backend/src/src/services/decisionTreeService.js" errors="0" failures="0" skipped="0" timestamp="2025-02-19T17:36:22" time="0.001" tests="1">
    <testcase classname="" name="ESLint" time="0.001">
    </testcase>
  </testsuite>
  <testsuite name="backend/src/src/services/rulesEngine.js" errors="0" failures="0" skipped="0" timestamp="2025-02-19T17:36:22" time="0.001" tests="1">
    <testcase classname="" name="ESLint" time="0.001">
    </testcase>
  </testsuite>
  <testsuite name="backend/src/src/services/ruleService.js" errors="0" failures="0" skipped="0" timestamp="2025-02-19T17:36:22" time="0.001" tests="1">
    <testcase classname="" name="ESLint" time="0.001">
    </testcase>
  </testsuite>
  <testsuite name="backend/src/src/services/aiService.js" errors="0" failures="0" skipped="0" timestamp="2025-02-19T17:36:22" time="0.002" tests="1">
    <testcase classname="" name="ESLint" time="0.002">
    </testcase>
  </testsuite>
  <testsuite name="backend/src/src/ml/modelManager.js" errors="0" failures="0" skipped="0" timestamp="2025-02-19T17:36:22" time="0.003" tests="1">
    <testcase classname="" name="ESLint" time="0.003">
    </testcase>
  </testsuite>
  <testsuite name="backend/src/src/routes/simpleRoute.js" errors="0" failures="0" skipped="0" timestamp="2025-02-19T17:36:22" time="0.003" tests="1">
    <testcase classname="" name="ESLint" time="0.003">
    </testcase>
  </testsuite>
  <testsuite name="backend/src/src/controllers/rulesController.js" errors="0" failures="0" skipped="0" timestamp="2025-02-19T17:36:22" time="0.003" tests="1">
    <testcase classname="" name="ESLint" time="0.003">
    </testcase>
  </testsuite>
  <testsuite name="backend/src/src/controllers/dataController.js" errors="0" failures="0" skipped="0" timestamp="2025-02-19T17:36:22" time="0.002" tests="1">
    <testcase classname="" name="ESLint" time="0.002">
    </testcase>
  </testsuite>
  <testsuite name="backend/src/src/models/userModel.js" errors="0" failures="0" skipped="0" timestamp="2025-02-19T17:36:22" time="0.002" tests="1">
    <testcase classname="" name="ESLint" time="0.002">
    </testcase>
  </testsuite>
  <testsuite name="backend/src/src/utils/testSequencer.js" errors="0" failures="0" skipped="0" timestamp="2025-02-19T17:36:22" time="0.002" tests="1">
    <testcase classname="" name="ESLint" time="0.002">
    </testcase>
  </testsuite>
  <testsuite name="backend/src/tests/setupTests.js" errors="0" failures="0" skipped="0" timestamp="2025-02-19T17:36:22" time="0.002" tests="1">
    <testcase classname="" name="ESLint" time="0.002">
    </testcase>
  </testsuite>
  <testsuite name="eggs-generator/src/utils/aiPricePredictor.js" errors="0" failures="0" skipped="0" timestamp="2025-02-19T17:36:22" time="0.002" tests="1">
    <testcase classname="" name="ESLint" time="0.002">
    </testcase>
  </testsuite>
  <testsuite name="eggs-generator/src/utils/webSocketUtils.js" errors="0" failures="0" skipped="0" timestamp="2025-02-19T17:36:22" time="0.002" tests="1">
    <testcase classname="" name="ESLint" time="0.002">
    </testcase>
  </testsuite>
  <testsuite name="code-quality-assurance/tests/index.test.js" errors="0" failures="0" skipped="0" timestamp="2025-02-19T17:36:22" time="0.001" tests="1">
    <testcase classname="" name="ESLint" time="0.001">
    </testcase>
  </testsuite>
  <testsuite name="src/backend/src/services/mockEngine.js" errors="0" failures="0" skipped="0" timestamp="2025-02-19T17:36:22" time="0.001" tests="1">
    <testcase classname="" name="ESLint" time="0.001">
    </testcase>
  </testsuite>
  <testsuite name="src/backend/src/services/seedDatabase.js" errors="0" failures="0" skipped="0" timestamp="2025-02-19T17:36:22" time="0.001" tests="1">
    <testcase classname="" name="ESLint" time="0.001">
    </testcase>
  </testsuite>
  <testsuite name="src/controllers/eggController.js" errors="0" failures="0" skipped="0" timestamp="2025-02-19T17:36:22" time="0.001" tests="1">
    <testcase classname="" name="ESLint" time="0.001">
    </testcase>
  </testsuite>
  <testsuite name="src/models/egg.schema.js" errors="0" failures="0" skipped="0" timestamp="2025-02-19T17:36:22" time="0.003" tests="1">
    <testcase classname="" name="ESLint" time="0.003">
    </testcase>
  </testsuite>
  <testsuite name="src/backend/src/routes/dataRoutes.js" errors="0" failures="0" skipped="0" timestamp="2025-02-19T17:36:22" time="0.002" tests="1">
    <testcase classname="" name="ESLint" time="0.002">
    </testcase>
  </testsuite>
  <testsuite name="src/backend/src/routes/healthRoutes.js" errors="0" failures="0" skipped="0" timestamp="2025-02-19T17:36:23" time="0" tests="1">
    <testcase classname="" name="ESLint" time="0">
    </testcase>
  </testsuite>
  <testsuite name="src/backend/src/controllers/dataController.js" errors="0" failures="0" skipped="0" timestamp="2025-02-19T17:36:23" time="0.002" tests="1">
    <testcase classname="" name="ESLint" time="0.002">
    </testcase>
  </testsuite>
  <testsuite name="src/backend/src/utils/lib/Bleu.js" errors="0" failures="0" skipped="0" timestamp="2025-02-19T17:36:23" time="0.001" tests="1">
    <testcase classname="" name="ESLint" time="0.001">
    </testcase>
  </testsuite>
  <testsuite name="src/backend/src/utils/logger.js" errors="0" failures="0" skipped="0" timestamp="2025-02-19T17:36:23" time="0.001" tests="1">
    <testcase classname="" name="ESLint" time="0.001">
    </testcase>
  </testsuite>
  <testsuite name="src/backend/tests/setupTests.js" errors="0" failures="0" skipped="0" timestamp="2025-02-19T17:36:23" time="0.001" tests="1">
    <testcase classname="" name="ESLint" time="0.001">
    </testcase>
  </testsuite>
  <testsuite name="src/backend/tests/apiRoutes.test.js" errors="0" failures="0" skipped="0" timestamp="2025-02-19T17:36:23" time="0.001" tests="1">
    <testcase classname="" name="ESLint" time="0.001">
    </testcase>
  </testsuite>
  <testsuite name="src/backend/tests/bleu.test.js" errors="0" failures="0" skipped="0" timestamp="2025-02-19T17:36:23" time="0" tests="1">
    <testcase classname="" name="ESLint" time="0">
    </testcase>
  </testsuite>
  <testsuite name="language-plugins/javascript/tests/index.test.js" errors="0" failures="0" skipped="0" timestamp="2025-02-19T17:36:23" time="0.001" tests="1">
    <testcase classname="" name="ESLint" time="0.001">
    </testcase>
  </testsuite>
  <testsuite name="src/backend/html-report/jest-html-reporters-attach/report/index.js" errors="0" failures="0" skipped="0" timestamp="2025-02-19T17:36:23" time="0.001" tests="1">
    <testcase classname="" name="ESLint" time="0.001">
    </testcase>
  </testsuite>
  <testsuite name="src/backend/tests/aiTests.test.js" errors="0" failures="0" skipped="0" timestamp="2025-02-19T17:36:23" time="0.001" tests="1">
    <testcase classname="" name="ESLint" time="0.001">
    </testcase>
  </testsuite>
  <testsuite name="src/backend/tests/testSequencer.test.js" errors="0" failures="0" skipped="0" timestamp="2025-02-19T17:36:23" time="0.001" tests="1">
    <testcase classname="" name="ESLint" time="0.001">
    </testcase>
  </testsuite>
  <testsuite name="src/backend/swagger.js" errors="0" failures="0" skipped="0" timestamp="2025-02-19T17:36:23" time="0.001" tests="1">
    <testcase classname="" name="ESLint" time="0.001">
    </testcase>
  </testsuite>
  <testsuite name="src/backend/mocks/database.js" errors="0" failures="0" skipped="0" timestamp="2025-02-19T17:36:23" time="0.001" tests="1">
    <testcase classname="" name="ESLint" time="0.001">
    </testcase>
  </testsuite>
  <testsuite name="src/backend/mocks/AiQuery.js" errors="0" failures="0" skipped="0" timestamp="2025-02-19T17:36:23" time="0.002" tests="1">
    <testcase classname="" name="ESLint" time="0.002">
    </testcase>
  </testsuite>
  <testsuite name="src/middleware/auth.js" errors="0" failures="0" skipped="0" timestamp="2025-02-19T17:36:23" time="0.002" tests="1">
    <testcase classname="" name="ESLint" time="0.002">
    </testcase>
  </testsuite>
  <testsuite name="src/middleware/security.js" errors="0" failures="0" skipped="0" timestamp="2025-02-19T17:36:23" time="0.001" tests="1">
    <testcase classname="" name="ESLint" time="0.001">
    </testcase>
  </testsuite>
  <testsuite name="src/node-shims/fs.js" errors="0" failures="0" skipped="0" timestamp="2025-02-19T17:36:23" time="0.001" tests="1">
    <testcase classname="" name="ESLint" time="0.001">
    </testcase>
  </testsuite>
  <testsuite name="src/node-shims/async_hooks.js" errors="0" failures="0" skipped="0" timestamp="2025-02-19T17:36:23" time="0.001" tests="1">
    <testcase classname="" name="ESLint" time="0.001">
    </testcase>
  </testsuite>
  <testsuite name="src/node-shims/setup.js" errors="0" failures="0" skipped="0" timestamp="2025-02-19T17:36:23" time="0" tests="1">
    <testcase classname="" name="ESLint" time="0">
    </testcase>
  </testsuite>
  <testsuite name="src/node-shims/net.js" errors="0" failures="0" skipped="0" timestamp="2025-02-19T17:36:23" time="0" tests="1">
    <testcase classname="" name="ESLint" time="0">
    </testcase>
  </testsuite>
  <testsuite name="language-plugins/javascript/src/index.js" errors="0" failures="0" skipped="0" timestamp="2025-02-19T17:36:23" time="0.001" tests="1">
    <testcase classname="" name="ESLint" time="0.001">
    </testcase>
  </testsuite>
  <testsuite name="language-plugins/javascript/src/JSProcessor.js" errors="0" failures="0" skipped="0" timestamp="2025-02-19T17:36:23" time="0.001" tests="1">
    <testcase classname="" name="ESLint" time="0.001">
    </testcase>
  </testsuite>
  <testsuite name="dependency-management/__mocks__/child_process.js" errors="0" failures="0" skipped="0" timestamp="2025-02-19T17:36:23" time="0.001" tests="1">
    <testcase classname="" name="ESLint" time="0.001">
    </testcase>
  </testsuite>
  <testsuite name="dependency-management/__mocks__/data/packageData.js" errors="0" failures="0" skipped="0" timestamp="2025-02-19T17:36:23" time="0.001" tests="1">
    <testcase classname="" name="ESLint" time="0.001">
    </testcase>
  </testsuite>
  <testsuite name="generateRuleId.js" errors="0" failures="0" skipped="0" timestamp="2025-02-19T17:36:23" time="0.001" tests="1">
    <testcase classname="" name="ESLint" time="0.001">
    </testcase>
  </testsuite>
  <testsuite name="vite.config.js" errors="0" failures="0" skipped="0" timestamp="2025-02-19T17:36:23" time="0.001" tests="1">
    <testcase classname="" name="ESLint" time="0.001">
    </testcase>
  </testsuite>
  <testsuite name="backend/src/src/routes/index.js" errors="0" failures="0" skipped="0" timestamp="2025-02-19T17:36:23" time="0.001" tests="1">
    <testcase classname="" name="ESLint" time="0.001">
    </testcase>
  </testsuite>
  <testsuite name="backend/src/src/models/AiQuery.js" errors="0" failures="0" skipped="0" timestamp="2025-02-19T17:36:23" time="0.002" tests="1">
    <testcase classname="" name="ESLint" time="0.002">
    </testcase>
  </testsuite>
  <testsuite name="backend/src/tests/globalSetup.js" errors="0" failures="0" skipped="0" timestamp="2025-02-19T17:36:23" time="0.001" tests="1">
    <testcase classname="" name="ESLint" time="0.001">
    </testcase>
  </testsuite>
  <testsuite name="backend/src/src/utils/logger.js" errors="0" failures="0" skipped="0" timestamp="2025-02-19T17:36:23" time="0.001" tests="1">
    <testcase classname="" name="ESLint" time="0.001">
    </testcase>
  </testsuite>
  <testsuite name="backend/src/tests/globalTeardown.js" errors="0" failures="0" skipped="0" timestamp="2025-02-19T17:36:23" time="0.002" tests="1">
    <testcase classname="" name="ESLint" time="0.002">
    </testcase>
  </testsuite>
  <testsuite name="backend/src/html-report/jest-html-reporters-attach/report/index.js" errors="0" failures="0" skipped="0" timestamp="2025-02-19T17:36:23" time="0.001" tests="1">
    <testcase classname="" name="ESLint" time="0.001">
    </testcase>
  </testsuite>
  <testsuite name="backend/src/mocks/database.js" errors="0" failures="0" skipped="0" timestamp="2025-02-19T17:36:23" time="0.002" tests="1">
    <testcase classname="" name="ESLint" time="0.002">
    </testcase>
  </testsuite>
  <testsuite name="eggs-generator/src/validators/egg.validator.js" errors="0" failures="0" skipped="0" timestamp="2025-02-19T17:36:23" time="0.003" tests="1">
    <testcase classname="" name="ESLint" time="0.003">
    </testcase>
  </testsuite>
  <testsuite name="eggs-generator/src/db/mongodb.js" errors="0" failures="0" skipped="0" timestamp="2025-02-19T17:36:23" time="0.002" tests="1">
    <testcase classname="" name="ESLint" time="0.002">
    </testcase>
  </testsuite>
  <testsuite name="eggs-generator/src/generateEgg.js" errors="0" failures="0" skipped="0" timestamp="2025-02-19T17:36:23" time="0.001" tests="1">
    <testcase classname="" name="ESLint" time="0.001">
    </testcase>
  </testsuite>
  <testsuite name="eggs-generator/src/models/egg.model.js" errors="0" failures="0" skipped="0" timestamp="2025-02-19T17:36:23" time="0.002" tests="1">
    <testcase classname="" name="ESLint" time="0.002">
    </testcase>
  </testsuite>
  <testsuite name="eggs-generator/src/HenFarm.js" errors="0" failures="0" skipped="0" timestamp="2025-02-19T17:36:23" time="0.001" tests="1">
    <testcase classname="" name="ESLint" time="0.001">
    </testcase>
  </testsuite>
  <testsuite name="eggs-generator/src/utils/asyncHandler.js" errors="0" failures="0" skipped="0" timestamp="2025-02-19T17:36:23" time="0.001" tests="1">
    <testcase classname="" name="ESLint" time="0.001">
    </testcase>
  </testsuite>
  <testsuite name="eggs-generator/src/utils/redis.js" errors="0" failures="0" skipped="0" timestamp="2025-02-19T17:36:23" time="0.002" tests="1">
    <testcase classname="" name="ESLint" time="0.002">
    </testcase>
  </testsuite>
  <testsuite name="eggs-generator/src/utils/eggUtils.js" errors="0" failures="0" skipped="0" timestamp="2025-02-19T17:36:23" time="0.001" tests="1">
    <testcase classname="" name="ESLint" time="0.001">
    </testcase>
  </testsuite>
  <testsuite name="eggs-generator/src/utils/metrics.js" errors="0" failures="0" skipped="0" timestamp="2025-02-19T17:36:23" time="0.001" tests="1">
    <testcase classname="" name="ESLint" time="0.001">
    </testcase>
  </testsuite>
  <testsuite name="eggs-generator/src/utils/logger.js" errors="0" failures="0" skipped="0" timestamp="2025-02-19T17:36:23" time="0.001" tests="1">
    <testcase classname="" name="ESLint" time="0.001">
    </testcase>
  </testsuite>
  <testsuite name="eggs-generator/src/config/marketConfig.js" errors="0" failures="0" skipped="0" timestamp="2025-02-19T17:36:23" time="0.001" tests="1">
    <testcase classname="" name="ESLint" time="0.001">
    </testcase>
  </testsuite>
  <testsuite name="eggs-generator/src/middleware/validation.js" errors="0" failures="0" skipped="0" timestamp="2025-02-19T17:36:23" time="0.001" tests="1">
    <testcase classname="" name="ESLint" time="0.001">
    </testcase>
  </testsuite>
  <testsuite name="eggs-generator/src/middleware/errorHandler.js" errors="0" failures="0" skipped="0" timestamp="2025-02-19T17:36:23" time="0.001" tests="1">
    <testcase classname="" name="ESLint" time="0.001">
    </testcase>
  </testsuite>
  <testsuite name="eggs-generator/__tests__/mockUtils.js" errors="0" failures="0" skipped="0" timestamp="2025-02-19T17:36:23" time="0.002" tests="1">
    <testcase classname="" name="ESLint" time="0.002">
    </testcase>
  </testsuite>
  <testsuite name="eggs-generator/__tests__/testUtils.js" errors="0" failures="0" skipped="0" timestamp="2025-02-19T17:36:23" time="0.001" tests="1">
    <testcase classname="" name="ESLint" time="0.001">
    </testcase>
  </testsuite>
  <testsuite name="eggs-generator/deploy/deploy.js" errors="0" failures="0" skipped="0" timestamp="2025-02-19T17:36:23" time="0.001" tests="1">
    <testcase classname="" name="ESLint" time="0.001">
    </testcase>
  </testsuite>
  <testsuite name="eggs-generator/test-db.js" errors="0" failures="0" skipped="0" timestamp="2025-02-19T17:36:23" time="0.002" tests="1">
    <testcase classname="" name="ESLint" time="0.002">
    </testcase>
  </testsuite>
  <testsuite name="eggs-generator/__mocks__/HenFarm.js" errors="0" failures="0" skipped="0" timestamp="2025-02-19T17:36:23" time="0.004" tests="1">
    <testcase classname="" name="ESLint" time="0.004">
    </testcase>
  </testsuite>
  <testsuite name="jest.setup.js" errors="0" failures="0" skipped="0" timestamp="2025-02-19T17:36:23" time="0.002" tests="1">
    <testcase classname="" name="ESLint" time="0.002">
    </testcase>
  </testsuite>
  <testsuite name="preinstall.js" errors="0" failures="0" skipped="0" timestamp="2025-02-19T17:36:23" time="0.001" tests="1">
    <testcase classname="" name="ESLint" time="0.001">
    </testcase>
  </testsuite>
  <testsuite name="src/routes/eggs.js" errors="0" failures="0" skipped="0" timestamp="2025-02-19T17:36:23" time="0.001" tests="1">
    <testcase classname="" name="ESLint" time="0.001">
    </testcase>
  </testsuite>
  <testsuite name="src/backend/src/services/decisionTreeService.js" errors="0" failures="0" skipped="0" timestamp="2025-02-19T17:36:23" time="0.001" tests="1">
    <testcase classname="" name="ESLint" time="0.001">
    </testcase>
  </testsuite>
  <testsuite name="src/backend/src/routes/metricsRoutes.js" errors="0" failures="0" skipped="0" timestamp="2025-02-19T17:36:23" time="0" tests="1">
    <testcase classname="" name="ESLint" time="0">
    </testcase>
  </testsuite>
  <testsuite name="src/backend/src/routes/index.js" errors="0" failures="0" skipped="0" timestamp="2025-02-19T17:36:23" time="0" tests="1">
    <testcase classname="" name="ESLint" time="0">
    </testcase>
  </testsuite>
  <testsuite name="src/backend/src/routes/simpleRoute.js" errors="0" failures="0" skipped="0" timestamp="2025-02-19T17:36:23" time="0.001" tests="1">
    <testcase classname="" name="ESLint" time="0.001">
    </testcase>
  </testsuite>
  <testsuite name="src/backend/src/models/egg.schema.js" errors="0" failures="0" skipped="0" timestamp="2025-02-19T17:36:23" time="0" tests="1">
    <testcase classname="" name="ESLint" time="0">
    </testcase>
  </testsuite>
  <testsuite name="src/backend/src/models/AiQuery.js" errors="0" failures="0" skipped="0" timestamp="2025-02-19T17:36:23" time="0" tests="1">
    <testcase classname="" name="ESLint" time="0">
    </testcase>
  </testsuite>
  <testsuite name="src/backend/tests/seedDatabase.test.js" errors="0" failures="0" skipped="0" timestamp="2025-02-19T17:36:23" time="0.002" tests="1">
    <testcase classname="" name="ESLint" time="0.002">
    </testcase>
  </testsuite>
  <testsuite name="scripts/preinstall.js" errors="0" failures="0" skipped="0" timestamp="2025-02-19T17:36:23" time="0.001" tests="1">
    <testcase classname="" name="ESLint" time="0.001">
    </testcase>
  </testsuite>
  <testsuite name="backend/src/src/services/seedDatabase.js" errors="0" failures="0" skipped="0" timestamp="2025-02-19T17:36:23" time="0.001" tests="1">
    <testcase classname="" name="ESLint" time="0.001">
    </testcase>
  </testsuite>
  <testsuite name="backend/src/src/services/mockEngine.js" errors="0" failures="0" skipped="0" timestamp="2025-02-19T17:36:23" time="0.001" tests="1">
    <testcase classname="" name="ESLint" time="0.001">
    </testcase>
  </testsuite>
  <testsuite name="backend/src/mocks/AiQuery.js" errors="0" failures="0" skipped="0" timestamp="2025-02-19T17:36:23" time="0.001" tests="1">
    <testcase classname="" name="ESLint" time="0.001">
    </testcase>
  </testsuite>
  <testsuite name="eggs-generator/ecosystem.config.js" errors="0" failures="0" skipped="0" timestamp="2025-02-19T17:36:23" time="0.001" tests="1">
    <testcase classname="" name="ESLint" time="0.001">
    </testcase>
  </testsuite>
  <testsuite name="eggs-generator/src/middleware/metrics.js" errors="0" failures="0" skipped="0" timestamp="2025-02-19T17:36:23" time="0.001" tests="1">
    <testcase classname="" name="ESLint" time="0.001">
    </testcase>
  </testsuite>
</testsuites>